2019-02-09 21:16:50 [INFO] Starting minecraft server version Beta 1.7.3
2019-02-09 21:16:50 [INFO] Loading properties
2019-02-09 21:16:50 [INFO] Starting Minecraft server on *:25565
2019-02-09 21:16:50 [WARNING] **** SERVER IS RUNNING IN OFFLINE/INSECURE MODE!
2019-02-09 21:16:50 [WARNING] The server will make no attempt to authenticate usernames. Beware.
2019-02-09 21:16:50 [WARNING] While this makes the game possible to play without internet access, it also opens up the ability for hackers to connect with any username they choose.
2019-02-09 21:16:50 [WARNING] To change this, set "online-mode" to "true" in the server.settings file.
2019-02-09 21:16:50 [WARNING] Failed to load ban list: java.io.FileNotFoundException: banned-players.txt (Не удается найти указанный файл)
2019-02-09 21:16:50 [WARNING] Failed to load ip ban list: java.io.FileNotFoundException: banned-ips.txt (Не удается найти указанный файл)
2019-02-09 21:16:50 [WARNING] Failed to load ip ban list: java.io.FileNotFoundException: ops.txt (Не удается найти указанный файл)
2019-02-09 21:16:50 [WARNING] Failed to load white-list: java.io.FileNotFoundException: white-list.txt (Не удается найти указанный файл)
2019-02-09 21:16:50 [INFO] Preparing level "world"
2019-02-09 21:16:50 [INFO] Preparing start region for level 0
2019-02-09 21:16:51 [INFO] Preparing spawn area: 12%
2019-02-09 21:16:53 [INFO] Preparing spawn area: 24%
2019-02-09 21:16:54 [INFO] Preparing spawn area: 36%
2019-02-09 21:16:55 [INFO] Preparing spawn area: 52%
2019-02-09 21:16:56 [INFO] Preparing spawn area: 65%
2019-02-09 21:16:57 [INFO] Preparing spawn area: 77%
2019-02-09 21:16:58 [INFO] Preparing spawn area: 85%
2019-02-09 21:16:59 [INFO] Preparing spawn area: 93%
2019-02-09 21:16:59 [INFO] Preparing start region for level 1
2019-02-09 21:17:00 [INFO] Preparing spawn area: 3%
2019-02-09 21:17:01 [INFO] Preparing spawn area: 8%
2019-02-09 21:17:02 [INFO] Preparing spawn area: 12%
2019-02-09 21:17:03 [INFO] Preparing spawn area: 16%
2019-02-09 21:17:04 [INFO] Preparing spawn area: 20%
2019-02-09 21:17:05 [INFO] Preparing spawn area: 20%
2019-02-09 21:17:06 [INFO] Preparing spawn area: 24%
2019-02-09 21:17:08 [INFO] Preparing spawn area: 28%
2019-02-09 21:17:09 [INFO] Preparing spawn area: 32%
2019-02-09 21:17:10 [INFO] Preparing spawn area: 36%
2019-02-09 21:17:12 [INFO] Preparing spawn area: 40%
2019-02-09 21:17:13 [INFO] Preparing spawn area: 40%
2019-02-09 21:17:14 [INFO] Preparing spawn area: 44%
2019-02-09 21:17:15 [INFO] Preparing spawn area: 48%
2019-02-09 21:17:16 [INFO] Preparing spawn area: 48%
2019-02-09 21:17:18 [INFO] Preparing spawn area: 48%
2019-02-09 21:17:19 [INFO] Preparing spawn area: 52%
2019-02-09 21:17:20 [INFO] Preparing spawn area: 57%
2019-02-09 21:17:23 [INFO] Preparing spawn area: 61%
2019-02-09 21:17:24 [INFO] Preparing spawn area: 65%
2019-02-09 21:17:26 [INFO] Preparing spawn area: 69%
2019-02-09 21:17:27 [INFO] Preparing spawn area: 69%
2019-02-09 21:17:29 [INFO] Preparing spawn area: 69%
2019-02-09 21:17:30 [INFO] Preparing spawn area: 73%
2019-02-09 21:17:31 [INFO] Preparing spawn area: 73%
2019-02-09 21:17:32 [INFO] Preparing spawn area: 81%
2019-02-09 21:17:34 [INFO] Preparing spawn area: 81%
2019-02-09 21:17:35 [INFO] Preparing spawn area: 85%
2019-02-09 21:17:38 [INFO] Preparing spawn area: 89%
2019-02-09 21:17:39 [INFO] Preparing spawn area: 93%
2019-02-09 21:17:40 [INFO] Preparing spawn area: 93%
2019-02-09 21:17:41 [INFO] Preparing spawn area: 97%
2019-02-09 21:17:42 [INFO] Preparing spawn area: 97%
2019-02-09 21:17:43 [INFO] Done (52879759465ns)! For help, type "help" or "?"
2019-02-09 21:17:45 [INFO] Player546 [/127.0.0.1:52719] logged in with entity id 239 at (45.5, 69.62000000476837, -3.5)
2019-02-09 21:18:17 [INFO] Player546 lost connection: disconnect.quitting
2019-02-09 21:18:25 [INFO] CONSOLE: Stopping the server..
2019-02-09 21:18:25 [INFO] Stopping server
2019-02-09 21:18:25 [INFO] Saving chunks
2019-02-09 21:18:27 [INFO] Saving chunks
2019-02-09 21:18:35 [INFO] Starting minecraft server version Beta 1.7.3
2019-02-09 21:18:35 [INFO] Loading properties
2019-02-09 21:18:35 [INFO] Starting Minecraft server on *:25565
2019-02-09 21:18:35 [WARNING] **** SERVER IS RUNNING IN OFFLINE/INSECURE MODE!
2019-02-09 21:18:35 [WARNING] The server will make no attempt to authenticate usernames. Beware.
2019-02-09 21:18:35 [WARNING] While this makes the game possible to play without internet access, it also opens up the ability for hackers to connect with any username they choose.
2019-02-09 21:18:35 [WARNING] To change this, set "online-mode" to "true" in the server.settings file.
2019-02-09 21:18:35 [INFO] Preparing level "world"
2019-02-09 21:18:35 [INFO] Preparing start region for level 0
2019-02-09 21:18:36 [INFO] Preparing spawn area: 8%
2019-02-09 21:18:37 [INFO] Preparing spawn area: 28%
2019-02-09 21:18:38 [INFO] Preparing spawn area: 73%
2019-02-09 21:18:38 [INFO] Preparing start region for level 1
2019-02-09 21:18:38 [INFO] Done (3708340413ns)! For help, type "help" or "?"
2019-02-09 21:18:38 [INFO] Stopping server
2019-02-09 21:18:38 [INFO] Saving chunks
2019-02-09 21:18:39 [INFO] Saving chunks
2019-02-09 21:21:00 [INFO] Starting minecraft server version Beta 1.7.3
2019-02-09 21:21:00 [INFO] Loading properties
2019-02-09 21:21:00 [INFO] Starting Minecraft server on *:25565
2019-02-09 21:21:00 [WARNING] **** SERVER IS RUNNING IN OFFLINE/INSECURE MODE!
2019-02-09 21:21:00 [WARNING] The server will make no attempt to authenticate usernames. Beware.
2019-02-09 21:21:00 [WARNING] While this makes the game possible to play without internet access, it also opens up the ability for hackers to connect with any username they choose.
2019-02-09 21:21:00 [WARNING] To change this, set "online-mode" to "true" in the server.settings file.
2019-02-09 21:21:00 [INFO] Preparing level "world"
2019-02-09 21:21:00 [INFO] Preparing start region for level 0
2019-02-09 21:21:01 [INFO] Preparing start region for level 1
2019-02-09 21:21:01 [INFO] Done (959474623ns)! For help, type "help" or "?"
2019-02-09 21:21:20 [INFO] Player298 [/127.0.0.1:52728] logged in with entity id 108 at (-86.5, 64.62000000476837, 26.5)
2019-02-09 21:21:45 [INFO] Player298 lost connection: disconnect.quitting
2019-02-09 21:21:58 [INFO] CONSOLE: Stopping the server..
2019-02-09 21:21:58 [INFO] Stopping server
2019-02-09 21:21:58 [INFO] Saving chunks
2019-02-09 21:21:58 [INFO] Saving chunks
2019-02-09 21:22:19 [INFO] Starting minecraft server version Beta 1.7.3
2019-02-09 21:22:19 [INFO] Loading properties
2019-02-09 21:22:19 [INFO] Starting Minecraft server on *:25565
2019-02-09 21:22:19 [WARNING] **** SERVER IS RUNNING IN OFFLINE/INSECURE MODE!
2019-02-09 21:22:19 [WARNING] The server will make no attempt to authenticate usernames. Beware.
2019-02-09 21:22:19 [WARNING] While this makes the game possible to play without internet access, it also opens up the ability for hackers to connect with any username they choose.
2019-02-09 21:22:19 [WARNING] To change this, set "online-mode" to "true" in the server.settings file.
2019-02-09 21:22:19 [INFO] Preparing level "world"
2019-02-09 21:22:19 [INFO] Preparing start region for level 0
2019-02-09 21:22:19 [INFO] Preparing start region for level 1
2019-02-09 21:22:20 [INFO] Done (949597721ns)! For help, type "help" or "?"
2019-02-09 21:22:50 [INFO] CONSOLE: Stopping the server..
2019-02-09 21:22:50 [INFO] Stopping server
2019-02-09 21:22:50 [INFO] Saving chunks
2019-02-09 21:22:50 [INFO] Saving chunks
2019-02-09 21:26:17 [INFO] Starting minecraft server version Beta 1.7.3
2019-02-09 21:26:17 [INFO] Loading properties
2019-02-09 21:26:17 [INFO] Starting Minecraft server on *:25565
2019-02-09 21:26:17 [WARNING] **** SERVER IS RUNNING IN OFFLINE/INSECURE MODE!
2019-02-09 21:26:17 [WARNING] The server will make no attempt to authenticate usernames. Beware.
2019-02-09 21:26:17 [WARNING] While this makes the game possible to play without internet access, it also opens up the ability for hackers to connect with any username they choose.
2019-02-09 21:26:17 [WARNING] To change this, set "online-mode" to "true" in the server.settings file.
2019-02-09 21:26:17 [INFO] Preparing level "world"
2019-02-09 21:26:17 [INFO] Preparing start region for level 0
2019-02-09 21:26:17 [INFO] Preparing start region for level 1
2019-02-09 21:26:18 [INFO] Done (926106641ns)! For help, type "help" or "?"
2019-02-09 21:26:19 [INFO] Stopping server
2019-02-09 21:26:19 [INFO] Saving chunks
2019-02-09 21:26:19 [INFO] Saving chunks
2019-02-09 21:26:26 [INFO] Starting minecraft server version Beta 1.7.3
2019-02-09 21:26:26 [INFO] Loading properties
2019-02-09 21:26:26 [INFO] Starting Minecraft server on *:25565
2019-02-09 21:26:26 [WARNING] **** SERVER IS RUNNING IN OFFLINE/INSECURE MODE!
2019-02-09 21:26:26 [WARNING] The server will make no attempt to authenticate usernames. Beware.
2019-02-09 21:26:26 [WARNING] While this makes the game possible to play without internet access, it also opens up the ability for hackers to connect with any username they choose.
2019-02-09 21:26:26 [WARNING] To change this, set "online-mode" to "true" in the server.settings file.
2019-02-09 21:26:26 [INFO] Preparing level "world"
2019-02-09 21:26:26 [INFO] Preparing start region for level 0
2019-02-09 21:26:26 [INFO] Preparing start region for level 1
2019-02-09 21:26:27 [INFO] Done (943080306ns)! For help, type "help" or "?"
2019-02-09 21:26:27 [INFO] Stopping server
2019-02-09 21:26:27 [INFO] Saving chunks
2019-02-09 21:26:27 [INFO] Saving chunks
2019-02-09 21:28:22 [INFO] Starting minecraft server version Beta 1.7.3
2019-02-09 21:28:22 [INFO] Loading properties
2019-02-09 21:28:22 [INFO] Starting Minecraft server on *:25565
2019-02-09 21:28:22 [WARNING] **** SERVER IS RUNNING IN OFFLINE/INSECURE MODE!
2019-02-09 21:28:22 [WARNING] The server will make no attempt to authenticate usernames. Beware.
2019-02-09 21:28:22 [WARNING] While this makes the game possible to play without internet access, it also opens up the ability for hackers to connect with any username they choose.
2019-02-09 21:28:22 [WARNING] To change this, set "online-mode" to "true" in the server.settings file.
2019-02-09 21:28:22 [INFO] Preparing level "world"
2019-02-09 21:28:22 [SEVERE] Unexpected exception
java.lang.NoClassDefFoundError: Could not initialize class net.minecraft.src.Block
	at net.minecraft.src.BiomeGenBase.<init>(BiomeGenBase.java:22)
	at net.minecraft.src.BiomeGenRainforest.<init>(BiomeGenRainforest.java:15)
	at net.minecraft.src.BiomeGenBase.<clinit>(BiomeGenBase.java:191)
	at net.minecraft.src.WorldProviderHell.registerWorldChunkManager(WorldProviderHell.java:21)
	at net.minecraft.src.WorldProvider.registerWorld(WorldProvider.java:28)
	at net.minecraft.src.World.<init>(World.java:85)
	at net.minecraft.src.WorldServer.<init>(WorldServer.java:24)
	at net.minecraft.src.WorldServerMulti.<init>(WorldServerMulti.java:17)
	at net.minecraft.server.MinecraftServer.initWorld(MinecraftServer.java:150)
	at net.minecraft.server.MinecraftServer.startServer(MinecraftServer.java:129)
	at net.minecraft.server.MinecraftServer.run(MinecraftServer.java:254)
	at net.minecraft.src.ThreadServerApplication.run(ThreadServerApplication.java:20)
2019-02-09 21:29:20 [INFO] Stopping server
2019-02-09 21:29:20 [INFO] Saving chunks
2019-02-09 21:29:53 [INFO] Starting minecraft server version Beta 1.7.3
2019-02-09 21:29:53 [INFO] Loading properties
2019-02-09 21:29:53 [INFO] Starting Minecraft server on *:25565
2019-02-09 21:29:53 [WARNING] **** SERVER IS RUNNING IN OFFLINE/INSECURE MODE!
2019-02-09 21:29:53 [WARNING] The server will make no attempt to authenticate usernames. Beware.
2019-02-09 21:29:53 [WARNING] While this makes the game possible to play without internet access, it also opens up the ability for hackers to connect with any username they choose.
2019-02-09 21:29:53 [WARNING] To change this, set "online-mode" to "true" in the server.settings file.
2019-02-09 21:29:53 [INFO] Preparing level "world"
2019-02-09 21:29:53 [SEVERE] Unexpected exception
java.lang.NoClassDefFoundError: Could not initialize class net.minecraft.src.Block
	at net.minecraft.src.BiomeGenBase.<init>(BiomeGenBase.java:22)
	at net.minecraft.src.BiomeGenRainforest.<init>(BiomeGenRainforest.java:15)
	at net.minecraft.src.BiomeGenBase.<clinit>(BiomeGenBase.java:191)
	at net.minecraft.src.WorldProviderHell.registerWorldChunkManager(WorldProviderHell.java:21)
	at net.minecraft.src.WorldProvider.registerWorld(WorldProvider.java:28)
	at net.minecraft.src.World.<init>(World.java:85)
	at net.minecraft.src.WorldServer.<init>(WorldServer.java:24)
	at net.minecraft.src.WorldServerMulti.<init>(WorldServerMulti.java:17)
	at net.minecraft.server.MinecraftServer.initWorld(MinecraftServer.java:150)
	at net.minecraft.server.MinecraftServer.startServer(MinecraftServer.java:129)
	at net.minecraft.server.MinecraftServer.run(MinecraftServer.java:254)
	at net.minecraft.src.ThreadServerApplication.run(ThreadServerApplication.java:20)
2019-02-09 21:30:06 [INFO] Stopping server
2019-02-09 21:30:06 [INFO] Saving chunks
2019-02-09 21:30:39 [INFO] Starting minecraft server version Beta 1.7.3
2019-02-09 21:30:39 [INFO] Loading properties
2019-02-09 21:30:39 [INFO] Starting Minecraft server on *:25565
2019-02-09 21:30:39 [WARNING] **** SERVER IS RUNNING IN OFFLINE/INSECURE MODE!
2019-02-09 21:30:39 [WARNING] The server will make no attempt to authenticate usernames. Beware.
2019-02-09 21:30:39 [WARNING] While this makes the game possible to play without internet access, it also opens up the ability for hackers to connect with any username they choose.
2019-02-09 21:30:39 [WARNING] To change this, set "online-mode" to "true" in the server.settings file.
2019-02-09 21:30:39 [INFO] Preparing level "world"
2019-02-09 21:30:39 [SEVERE] Unexpected exception
java.lang.NoClassDefFoundError: Could not initialize class net.minecraft.src.Block
	at net.minecraft.src.BiomeGenBase.<init>(BiomeGenBase.java:22)
	at net.minecraft.src.BiomeGenRainforest.<init>(BiomeGenRainforest.java:15)
	at net.minecraft.src.BiomeGenBase.<clinit>(BiomeGenBase.java:191)
	at net.minecraft.src.WorldProviderHell.registerWorldChunkManager(WorldProviderHell.java:21)
	at net.minecraft.src.WorldProvider.registerWorld(WorldProvider.java:28)
	at net.minecraft.src.World.<init>(World.java:85)
	at net.minecraft.src.WorldServer.<init>(WorldServer.java:24)
	at net.minecraft.src.WorldServerMulti.<init>(WorldServerMulti.java:17)
	at net.minecraft.server.MinecraftServer.initWorld(MinecraftServer.java:150)
	at net.minecraft.server.MinecraftServer.startServer(MinecraftServer.java:129)
	at net.minecraft.server.MinecraftServer.run(MinecraftServer.java:254)
	at net.minecraft.src.ThreadServerApplication.run(ThreadServerApplication.java:20)
2019-02-09 21:30:44 [INFO] Stopping server
2019-02-09 21:30:44 [INFO] Saving chunks
2019-02-09 21:55:43 [INFO] Starting minecraft server version Beta 1.7.3
2019-02-09 21:55:43 [INFO] Loading properties
2019-02-09 21:55:43 [INFO] Starting Minecraft server on *:25565
2019-02-09 21:55:43 [WARNING] **** SERVER IS RUNNING IN OFFLINE/INSECURE MODE!
2019-02-09 21:55:43 [WARNING] The server will make no attempt to authenticate usernames. Beware.
2019-02-09 21:55:43 [WARNING] While this makes the game possible to play without internet access, it also opens up the ability for hackers to connect with any username they choose.
2019-02-09 21:55:43 [WARNING] To change this, set "online-mode" to "true" in the server.settings file.
2019-02-09 21:55:43 [INFO] Preparing level "world"
2019-02-09 21:55:43 [INFO] Preparing start region for level 0
2019-02-09 21:55:44 [INFO] Preparing start region for level 1
2019-02-09 21:55:44 [INFO] Done (921791015ns)! For help, type "help" or "?"
2019-02-09 21:55:53 [INFO] Player866 [/127.0.0.1:52780] logged in with entity id 116 at (-75.5, 65.62000000476837, 37.5)
2019-02-09 21:56:17 [INFO] [CONSOLE] oh mai
2019-02-09 21:58:32 [INFO] CONSOLE: Stopping the server..
2019-02-09 21:58:32 [INFO] Stopping server
2019-02-09 21:58:32 [INFO] Saving chunks
2019-02-09 21:58:32 [INFO] Saving chunks
2019-02-09 21:58:38 [INFO] Starting minecraft server version Beta 1.7.3
2019-02-09 21:58:38 [INFO] Loading properties
2019-02-09 21:58:38 [INFO] Starting Minecraft server on *:25565
2019-02-09 21:58:38 [WARNING] **** SERVER IS RUNNING IN OFFLINE/INSECURE MODE!
2019-02-09 21:58:38 [WARNING] The server will make no attempt to authenticate usernames. Beware.
2019-02-09 21:58:38 [WARNING] While this makes the game possible to play without internet access, it also opens up the ability for hackers to connect with any username they choose.
2019-02-09 21:58:38 [WARNING] To change this, set "online-mode" to "true" in the server.settings file.
2019-02-09 21:58:38 [INFO] Preparing level "world"
2019-02-09 21:58:38 [INFO] Preparing start region for level 0
2019-02-09 21:58:39 [INFO] Preparing start region for level 1
2019-02-09 21:58:39 [INFO] Done (1014533007ns)! For help, type "help" or "?"
2019-02-09 21:58:41 [INFO] Player866 [/127.0.0.1:52786] logged in with entity id 120 at (-60.301617003228976, 65.0, 37.55566159316408)
2019-02-09 22:04:06 [INFO] Player866 lost connection: disconnect.quitting
2019-02-09 22:07:14 [INFO] CONSOLE: Stopping the server..
2019-02-09 22:07:14 [INFO] Stopping server
2019-02-09 22:07:14 [INFO] Saving chunks
2019-02-09 22:07:14 [INFO] Saving chunks
2019-02-10 00:00:29 [INFO] Starting minecraft server version Beta 1.7.3
2019-02-10 00:00:29 [INFO] Loading properties
2019-02-10 00:00:29 [INFO] Starting Minecraft server on *:25565
2019-02-10 00:00:29 [WARNING] **** SERVER IS RUNNING IN OFFLINE/INSECURE MODE!
2019-02-10 00:00:29 [WARNING] The server will make no attempt to authenticate usernames. Beware.
2019-02-10 00:00:29 [WARNING] While this makes the game possible to play without internet access, it also opens up the ability for hackers to connect with any username they choose.
2019-02-10 00:00:29 [WARNING] To change this, set "online-mode" to "true" in the server.settings file.
2019-02-10 00:00:29 [INFO] Preparing level "world"
2019-02-10 00:00:29 [INFO] Preparing start region for level 0
2019-02-10 00:00:29 [INFO] Preparing start region for level 1
2019-02-10 00:00:30 [INFO] Done (1062040877ns)! For help, type "help" or "?"
2019-02-10 00:00:31 [INFO] Stopping server
2019-02-10 00:00:31 [INFO] Saving chunks
2019-02-10 00:00:31 [INFO] Saving chunks
2019-02-11 23:45:36 [INFO] Starting minecraft server version Beta 1.7.3
2019-02-11 23:45:36 [INFO] Loading properties
2019-02-11 23:45:36 [INFO] Starting Minecraft server on *:25565
2019-02-11 23:45:36 [WARNING] **** SERVER IS RUNNING IN OFFLINE/INSECURE MODE!
2019-02-11 23:45:36 [WARNING] The server will make no attempt to authenticate usernames. Beware.
2019-02-11 23:45:36 [WARNING] While this makes the game possible to play without internet access, it also opens up the ability for hackers to connect with any username they choose.
2019-02-11 23:45:36 [WARNING] To change this, set "online-mode" to "true" in the server.settings file.
2019-02-11 23:45:36 [INFO] Preparing level "world"
2019-02-11 23:45:37 [INFO] Preparing start region for level 0
2019-02-11 23:45:37 [INFO] Preparing start region for level 1
2019-02-11 23:45:37 [INFO] Done (807396932ns)! For help, type "help" or "?"
2019-02-11 23:46:03 [INFO] Stopping server
2019-02-11 23:46:03 [INFO] Saving chunks
2019-02-11 23:46:03 [INFO] Saving chunks
2019-02-11 23:58:40 [INFO] Starting minecraft server version Beta 1.7.3
2019-02-11 23:58:40 [INFO] Loading properties
2019-02-11 23:58:40 [INFO] Starting Minecraft server on *:25565
2019-02-11 23:58:40 [WARNING] **** SERVER IS RUNNING IN OFFLINE/INSECURE MODE!
2019-02-11 23:58:40 [WARNING] The server will make no attempt to authenticate usernames. Beware.
2019-02-11 23:58:40 [WARNING] While this makes the game possible to play without internet access, it also opens up the ability for hackers to connect with any username they choose.
2019-02-11 23:58:40 [WARNING] To change this, set "online-mode" to "true" in the server.settings file.
2019-02-11 23:58:40 [INFO] Preparing level "world"
2019-02-11 23:58:40 [INFO] Preparing start region for level 0
2019-02-11 23:58:40 [INFO] Preparing start region for level 1
2019-02-11 23:58:40 [INFO] Done (796558559ns)! For help, type "help" or "?"
2019-02-11 23:58:41 [INFO] Stopping server
2019-02-11 23:58:41 [INFO] Saving chunks
2019-02-11 23:58:42 [INFO] Saving chunks
